<?xml version="1.0" encoding="UTF-8"?>
<testng-results skipped="0" failed="0" total="1" passed="1">
  <reporter-output>
  </reporter-output>
  <suite name="Default suite" duration-ms="23676" started-at="2015-11-02T18:08:11Z" finished-at="2015-11-02T18:08:35Z">
    <groups>
    </groups>
    <test name="Default test" duration-ms="23676" started-at="2015-11-02T18:08:11Z" finished-at="2015-11-02T18:08:35Z">
      <class name="Tests.WebViewTest">
        <test-method status="PASS" signature="setUpAppium()[pri:0, instance:Tests.WebViewTest@1a407d53]" name="setUpAppium" is-config="true" duration-ms="23390" started-at="2015-11-02T13:07:47Z" finished-at="2015-11-02T13:08:11Z">
          <reporter-output>
          </reporter-output>
        </test-method> <!-- setUpAppium -->
        <test-method status="PASS" signature="setUpPage()[pri:0, instance:Tests.WebViewTest@1a407d53]" name="setUpPage" is-config="true" duration-ms="149" started-at="2015-11-02T13:08:11Z" finished-at="2015-11-02T13:08:11Z">
          <reporter-output>
          </reporter-output>
        </test-method> <!-- setUpPage -->
        <test-method status="PASS" signature="navigateTo()[pri:0, instance:Tests.WebViewTest@1a407d53]" name="navigateTo" is-config="true" duration-ms="4415" started-at="2015-11-02T13:08:11Z" finished-at="2015-11-02T13:08:15Z">
          <reporter-output>
          </reporter-output>
        </test-method> <!-- navigateTo -->
        <test-method status="PASS" signature="testWebView()[pri:0, instance:Tests.WebViewTest@1a407d53]" name="testWebView" duration-ms="16087" started-at="2015-11-02T13:08:15Z" finished-at="2015-11-02T13:08:32Z">
          <reporter-output>
          </reporter-output>
        </test-method> <!-- testWebView -->
        <test-method status="PASS" signature="restartApp()[pri:0, instance:Tests.WebViewTest@1a407d53]" name="restartApp" is-config="true" duration-ms="3010" started-at="2015-11-02T13:08:32Z" finished-at="2015-11-02T13:08:35Z">
          <reporter-output>
          </reporter-output>
        </test-method> <!-- restartApp -->
        <test-method status="PASS" signature="tearDownAppium()[pri:0, instance:Tests.WebViewTest@1a407d53]" name="tearDownAppium" is-config="true" duration-ms="849" started-at="2015-11-02T13:08:35Z" finished-at="2015-11-02T13:08:35Z">
          <reporter-output>
          </reporter-output>
        </test-method> <!-- tearDownAppium -->
      </class> <!-- Tests.WebViewTest -->
    </test> <!-- Default test -->
  </suite> <!-- Default suite -->
</testng-results>
